<?xml version="1.0" encoding="UTF-8"?>
<testsuite name="com.mantovani.SudokuTest" tests="4" skipped="0" failures="0" errors="0" timestamp="2020-10-14T23:54:06" hostname="XPS" time="0.445">
  <properties/>
  <testcase name="testSimpleGame" classname="com.mantovani.SudokuTest" time="0.014"/>
  <testcase name="testComplexGame" classname="com.mantovani.SudokuTest" time="0.428"/>
  <testcase name="testUnparsableGame" classname="com.mantovani.SudokuTest" time="0.002"/>
  <testcase name="testUnsolvableGame" classname="com.mantovani.SudokuTest" time="0.0"/>
  <system-out><![CDATA[378|962|415
429|185|763
561|374|928
---+---+---
832|496|157
745|218|396
196|753|284
---+---+---
984|531|672
257|649|831
613|827|549
984|531|276
257|649|138
613|827|945
---+---+---
378|962|514
561|374|829
429|185|367
---+---+---
832|496|751
745|218|693
196|753|482
]]></system-out>
  <system-err><![CDATA[Unparsable character in input: For input string: "A"
Input contains duplicated values
]]></system-err>
</testsuite>
